p/294.jpg 1 0 0 136 124
p/38.jpg 1 0 0 131 126
p/2082.jpg 1 0 0 92 92
p/2081.jpg 1 0 0 94 94
p/2073.jpg 1 0 0 96 96
p/2072.jpg 1 0 0 93 93
p/2065.jpg 1 0 0 92 92
p/2061.jpg 1 0 0 94 94
p/2060.jpg 1 0 0 99 99
p/2056.jpg 1 0 0 94 94
p/2028.jpg 1 0 0 90 90
p/2023.jpg 1 0 0 91 91
p/2016.jpg 1 0 0 83 83
p/2013.jpg 1 0 0 53 53
p/2010.jpg 1 0 0 47 47
p/2008.jpg 1 0 0 88 88
p/1984.jpg 1 0 0 90 90
p/1981.jpg 1 0 0 96 96
p/1975.jpg 1 0 0 93 93
p/1969.jpg 1 0 0 93 93
p/1946.jpg 1 0 0 89 89
p/1947.jpg 1 0 0 96 96
p/1935.jpg 1 0 0 99 99
p/1936.jpg 1 0 0 95 95
p/1930.jpg 1 0 0 96 96
p/1926.jpg 1 0 0 95 95
p/1922.jpg 1 0 0 97 97
p/1920.jpg 1 0 0 93 93
p/1912.jpg 1 0 0 95 95
p/1894.jpg 1 0 0 90 90
p/1878.jpg 1 0 0 95 95
p/1873.jpg 1 0 0 93 93
p/1870.jpg 1 0 0 88 88
p/1844.jpg 1 0 0 108 108
p/1835.jpg 1 0 0 90 90
p/1834.jpg 1 0 0 99 99
p/1833.jpg 1 0 0 91 91
p/1823.jpg 1 0 0 88 88
p/1806.jpg 1 0 0 94 94
p/1802.jpg 1 0 0 98 98
p/1789.jpg 1 0 0 88 88
p/1786.jpg 1 0 0 102 102
p/1785.jpg 1 0 0 96 96
p/1779.jpg 1 0 0 96 96
p/1778.jpg 1 0 0 93 93
p/1769.jpg 1 0 0 152 152
p/1770.jpg 1 0 0 170 170
p/1768.jpg 1 0 0 167 167
p/1740.jpg 1 0 0 98 98
p/1738.jpg 1 0 0 111 111
p/1737.jpg 1 0 0 89 89
p/1731.jpg 1 0 0 96 96
p/1728.jpg 1 0 0 96 96
p/1688.jpg 1 0 0 96 96
p/1677.jpg 1 0 0 93 93
p/1668.jpg 1 0 0 93 93
p/1647.jpg 1 0 0 90 90
p/1636.jpg 1 0 0 96 96
p/1634.jpg 1 0 0 107 107
p/1633.jpg 1 0 0 99 99
p/1624.jpg 1 0 0 100 100
p/1615.jpg 1 0 0 98 98
p/1614.jpg 1 0 0 92 92
p/1610.jpg 1 0 0 102 102
p/1609.jpg 1 0 0 97 97
p/1487.jpg 1 0 0 100 100
p/1481.jpg 1 0 0 102 102
p/1480.jpg 1 0 0 90 90
p/1457.jpg 1 0 0 97 97
p/1456.jpg 1 0 0 93 93
p/1411.jpg 1 0 0 93 93
p/1409.jpg 1 0 0 98 98
p/1399.jpg 1 0 0 91 91
p/1395.jpg 1 0 0 99 99
p/1394.jpg 1 0 0 99 99
p/1389.jpg 1 0 0 100 100
p/1366.jpg 1 0 0 93 93
p/1356.jpg 1 0 0 88 88
p/1357.jpg 1 0 0 95 95
p/1330.jpg 1 0 0 110 110
p/1320.jpg 1 0 0 85 85
p/1315.jpg 1 0 0 104 104
p/1268.jpg 1 0 0 95 95
p/1269.jpg 1 0 0 93 93
p/1265.jpg 1 0 0 93 93
p/1262.jpg 1 0 0 97 97
p/1261.jpg 1 0 0 95 95
p/1254.jpg 1 0 0 93 93
p/1253.jpg 1 0 0 96 96
p/1252.jpg 1 0 0 95 95
p/1249.jpg 1 0 0 94 94
p/1240.jpg 1 0 0 104 104
p/1239.jpg 1 0 0 97 97
p/1230.jpg 1 0 0 105 105
p/1216.jpg 1 0 0 107 107
p/1209.jpg 1 0 0 102 102
p/1208.jpg 1 0 0 111 111
p/1195.jpg 1 0 0 99 99
p/1187.jpg 1 0 0 94 94
p/1185.jpg 1 0 0 104 104
p/1173.jpg 1 0 0 144 144
p/1168.jpg 1 0 0 141 141
p/1147.jpg 1 0 0 45 45
p/1149.jpg 1 0 0 43 43
p/1144.jpg 1 0 0 44 44
p/1139.jpg 1 0 0 93 93
p/1129.jpg 1 0 0 163 163
p/1130.jpg 1 0 0 99 99
p/1121.jpg 1 0 0 94 94
p/1072.jpg 1 0 0 157 157
p/1066.jpg 1 0 0 158 158
p/1053.jpg 1 0 0 150 150
p/1043.jpg 1 0 0 100 100
p/1009.jpg 1 0 0 100 100
p/1005.jpg 1 0 0 100 100
p/994.jpg 1 0 0 103 103
p/973.jpg 1 0 0 144 144
p/965.jpg 1 0 0 162 162
p/938.jpg 1 0 0 90 90
p/932.jpg 1 0 0 84 84
p/930.jpg 1 0 0 90 90
p/929.jpg 1 0 0 89 89
p/921.jpg 1 0 0 95 95
p/914.jpg 1 0 0 88 88
p/913.jpg 1 0 0 84 84
p/908.jpg 1 0 0 97 97
p/907.jpg 1 0 0 97 97
p/899.jpg 1 0 0 98 98
p/897.jpg 1 0 0 98 98
p/890.jpg 1 0 0 98 98
p/882.jpg 1 0 0 109 109
p/877.jpg 1 0 0 91 91
p/869.jpg 1 0 0 98 98
p/868.jpg 1 0 0 91 91
p/859.jpg 1 0 0 93 93
p/848.jpg 1 0 0 100 100
p/847.jpg 1 0 0 98 98
p/846.jpg 1 0 0 100 100
p/834.jpg 1 0 0 92 92
p/833.jpg 1 0 0 91 91
p/827.jpg 1 0 0 97 97
p/825.jpg 1 0 0 91 91
p/821.jpg 1 0 0 92 92
p/819.jpg 1 0 0 107 107
p/820.jpg 1 0 0 88 88
p/817.jpg 1 0 0 104 104
p/811.jpg 1 0 0 104 104
p/809.jpg 1 0 0 106 106
p/806.jpg 1 0 0 98 98
p/803.jpg 1 0 0 88 88
p/804.jpg 1 0 0 90 90
p/800.jpg 1 0 0 172 172
p/796.jpg 1 0 0 180 180
p/795.jpg 1 0 0 202 202
p/792.jpg 1 0 0 172 172
p/769.jpg 1 0 0 196 196
p/768.jpg 1 0 0 189 189
p/766.jpg 1 0 0 273 273
p/763.jpg 1 0 0 172 172
p/754.jpg 1 0 0 178 178
p/752.jpg 1 0 0 185 185
p/750.jpg 1 0 0 180 180
p/741.jpg 1 0 0 141 141
p/739.jpg 1 0 0 158 158
p/738.jpg 1 0 0 150 150
p/737.jpg 1 0 0 150 150
p/732.jpg 1 0 0 94 94
p/733.jpg 1 0 0 91 91
p/730.jpg 1 0 0 94 94
p/720.jpg 1 0 0 86 86
p/719.jpg 1 0 0 81 81
p/707.jpg 1 0 0 86 86
p/697.jpg 1 0 0 90 90
p/661.jpg 1 0 0 91 91
p/641.jpg 1 0 0 94 94
p/624.jpg 1 0 0 91 91
p/615.jpg 1 0 0 85 85
p/570.jpg 1 0 0 95 95
p/567.jpg 1 0 0 89 89
p/555.jpg 1 0 0 95 95
p/554.jpg 1 0 0 96 96
p/533.jpg 1 0 0 100 100
p/510.jpg 1 0 0 99 99
p/495.jpg 1 0 0 102 102
p/494.jpg 1 0 0 100 100
p/482.jpg 1 0 0 102 102
p/471.jpg 1 0 0 96 96
p/467.jpg 1 0 0 88 88
p/466.jpg 1 0 0 96 96
p/462.jpg 1 0 0 101 101
p/460.jpg 1 0 0 105 105
p/459.jpg 1 0 0 103 103
p/441.jpg 1 0 0 132 132
p/437.jpg 1 0 0 158 158
p/434.jpg 1 0 0 136 136
p/429.jpg 1 0 0 150 150
p/428.jpg 1 0 0 168 168
p/427.jpg 1 0 0 171 171
p/375.jpg 1 0 0 102 102
p/374.jpg 1 0 0 113 113
p/341.jpg 1 0 0 97 97
p/332.jpg 1 0 0 97 97
p/315.jpg 1 0 0 97 97
p/279.jpg 1 0 0 101 101
p/250.jpg 1 0 0 96 96
p/221.jpg 1 0 0 95 95
p/210.jpg 1 0 0 97 97
p/207.jpg 1 0 0 97 97
p/208.jpg 1 0 0 103 103
p/194.jpg 1 0 0 92 92
p/170.jpg 1 0 0 96 96
p/169.jpg 1 0 0 94 94
p/165.jpg 1 0 0 91 91
p/151.jpg 1 0 0 111 111
p/150.jpg 1 0 0 109 109
p/148.jpg 1 0 0 99 99
p/147.jpg 1 0 0 99 99
p/142.jpg 1 0 0 100 100
p/141.jpg 1 0 0 100 100
p/130.jpg 1 0 0 108 108
p/117.jpg 1 0 0 109 109
p/113.jpg 1 0 0 111 111
p/111.jpg 1 0 0 109 109
p/107.jpg 1 0 0 114 114
p/102.jpg 1 0 0 110 110
p/101.jpg 1 0 0 112 112
p/97.jpg 1 0 0 110 110
p/96.jpg 1 0 0 103 103
p/88.jpg 1 0 0 112 112
p/85.jpg 1 0 0 114 114
p/84.jpg 1 0 0 108 108
p/81.jpg 1 0 0 103 103
p/74.jpg 1 0 0 120 120
p/71.jpg 1 0 0 118 118
p/63.jpg 1 0 0 111 111
p/59.jpg 1 0 0 117 117
p/50.jpg 1 0 0 105 105
p/45.jpg 1 0 0 123 123
p/43.jpg 1 0 0 109 109
p/42.jpg 1 0 0 109 109
p/31.jpg 1 0 0 108 108
p/30.jpg 1 0 0 116 116
p/29.jpg 1 0 0 109 109
p/28.jpg 1 0 0 129 129
p/24.jpg 1 0 0 84 84
p/22.jpg 1 0 0 94 94
p/21.jpg 1 0 0 96 96
p/13.jpg 1 0 0 90 90
p/14.jpg 1 0 0 88 88
p/5.jpg 1 0 0 140 140
p/1709557371979.png 1 0 0 162 146
p/1709557371978.png 1 0 0 158 158
p/1709557371976.png 1 0 0 160 150
p/1709557371975.png 1 0 0 223 222
p/1709557371974.png 1 0 0 263 282
p/1709557371973.png 1 0 0 217 210
p/1709557371972.png 1 0 0 222 191
p/1709557371971.png 1 0 0 153 142
p/1709557371970.png 1 0 0 182 147
p/1709557371969.png 1 0 0 345 307
p/1709557371968.png 1 0 0 331 285
p/1709556374919.png 1 0 0 247 241
p/1709556374918.png 1 0 0 145 157
p/1709556374917.png 1 0 0 107 107
p/1709556374916.png 1 0 0 126 127
p/template_image.jpg 1 0 0 401 385